<?xml version="1.0" encoding="UTF-8"?>
<!-- Generated by org.testng.reporters.JUnitReportReporter -->
<testsuite skipped="0" hostname="Vani-PC" name="Testcases.TC_002" tests="1" failures="0" timestamp="13 Oct 2018 17:01:25 GMT" time="15.290" errors="0">
  <testcase name="testcase1" time="15.290" classname="Testcases.TC_002"/>
</testsuite> <!-- Testcases.TC_002 -->
