<?xml version="1.0" encoding="UTF-8"?>
<!-- Generated by org.testng.reporters.JUnitReportReporter -->
<testsuite skipped="0" hostname="Vani-PC" name="Testcases.TC_001" tests="1" failures="0" timestamp="12 May 2018 17:04:17 GMT" time="8.512" errors="0">
  <testcase name="testcase1" time="8.512" classname="Testcases.TC_001"/>
</testsuite> <!-- Testcases.TC_001 -->
