<?xml version="1.0" encoding="UTF-8"?>
<!-- Generated by org.testng.reporters.JUnitReportReporter -->
<testsuite skipped="0" hostname="Vani-PC" name="Testcases.TC_001" tests="1" failures="0" timestamp="13 Oct 2018 17:01:25 GMT" time="11.927" errors="0">
  <testcase name="testcase1" time="11.927" classname="Testcases.TC_001"/>
</testsuite> <!-- Testcases.TC_001 -->
